<?xml version="1.0" encoding="UTF-8"?>
<!-- Generated by org.testng.reporters.JUnitXMLReporter -->
<testsuite hostname="GENESIS" ignored="0" name="Default test" tests="3" failures="0" timestamp="2023-03-18T11:37:52 ICT" time="12.328" errors="0">
  <testcase name="dashboardAPIUsingScehmaInCode" time="2.019" classname="qaautomation.maret2023.APITestAfterRefactor"/>
  <testcase name="dashboardAPIWithoutToken" time="1.3" classname="qaautomation.maret2023.APITestAfterRefactor"/>
  <testcase name="userAPI" time="1.674" classname="qaautomation.maret2023.APITestAfterRefactor"/>
</testsuite> <!-- Default test -->
