<?xml version="1.0" encoding="UTF-8"?>
<!-- Generated by org.testng.reporters.JUnitXMLReporter -->
<testsuite hostname="GENESIS" ignored="0" name="Test" tests="3" failures="0" timestamp="2023-03-05T08:48:41 ICT" time="15.011" errors="0">
  <testcase name="testLogin" time="0.76" classname="qaautomation.maret2023.WebTestUsingThreadLocalParalel"/>
  <testcase name="testWrongPassword" time="0.715" classname="qaautomation.maret2023.WebTestUsingThreadLocalParalel"/>
  <testcase name="testWrongUsername" time="0.695" classname="qaautomation.maret2023.WebTestUsingThreadLocalParalel"/>
</testsuite> <!-- Test -->
